04:24:57.931 [main] INFO  api.test.UserTests - ************************start adding user**********************
04:25:02.022 [main] INFO  api.test.UserTests - ************************start getting user**********************
04:25:03.151 [main] INFO  api.test.UserTests - ************************getting user completed **********************
04:25:03.168 [main] INFO  api.test.UserTests - ************************start updating user**********************
04:25:05.507 [main] INFO  api.test.UserTests - ************************upating user completed **********************
04:25:05.515 [main] INFO  api.test.UserTests - ************************start deleteing user**********************
04:25:06.598 [main] INFO  api.test.UserTests - ************************ deleteing user completed **********************
16:40:51.152 [main] INFO  api.test.UserTests - ************************start adding user**********************
16:40:55.281 [main] INFO  api.test.UserTests - ************************start getting user**********************
16:40:56.490 [main] INFO  api.test.UserTests - ************************getting user completed **********************
16:40:56.504 [main] INFO  api.test.UserTests - ************************start updating user**********************
16:40:58.799 [main] INFO  api.test.UserTests - ************************upating user completed **********************
16:40:58.816 [main] INFO  api.test.UserTests - ************************start deleteing user**********************
16:41:00.028 [main] INFO  api.test.UserTests - ************************ deleteing user completed **********************
16:41:00.239 [main] INFO  api.test.UserTests1 - ************************start adding user**********************
16:41:01.418 [main] INFO  api.test.UserTests1 - ************************start getting user**********************
16:41:02.631 [main] INFO  api.test.UserTests1 - ************************getting user completed **********************
16:41:02.656 [main] INFO  api.test.UserTests1 - ************************start updating user**********************
16:41:04.981 [main] INFO  api.test.UserTests1 - ************************upating user completed **********************
16:41:04.994 [main] INFO  api.test.UserTests1 - ************************start deleteing user**********************
16:41:06.233 [main] INFO  api.test.UserTests1 - ************************ deleteing user completed **********************
16:41:50.453 [main] INFO  api.test.UserTests - ************************start adding user**********************
16:41:59.228 [main] INFO  api.test.UserTests - ************************ adding user completed**********************
16:41:59.258 [main] INFO  api.test.UserTests - ************************start getting user**********************
16:42:00.386 [main] INFO  api.test.UserTests - ************************getting user completed **********************
16:42:00.405 [main] INFO  api.test.UserTests - ************************start updating user**********************
16:42:02.709 [main] INFO  api.test.UserTests - ************************upating user completed **********************
16:42:02.722 [main] INFO  api.test.UserTests - ************************start deleteing user**********************
16:42:03.865 [main] INFO  api.test.UserTests - ************************ deleteing user completed **********************
16:42:03.971 [main] INFO  api.test.UserTests1 - ************************start adding user**********************
16:42:05.131 [main] INFO  api.test.UserTests1 - ************************ adding user completed**********************
16:42:05.142 [main] INFO  api.test.UserTests1 - ************************start getting user**********************
16:42:06.279 [main] INFO  api.test.UserTests1 - ************************getting user completed **********************
16:42:06.295 [main] INFO  api.test.UserTests1 - ************************start updating user**********************
16:42:08.611 [main] INFO  api.test.UserTests1 - ************************upating user completed **********************
16:42:08.616 [main] INFO  api.test.UserTests1 - ************************start deleteing user**********************
16:42:09.717 [main] INFO  api.test.UserTests1 - ************************ deleteing user completed **********************
20:42:20.462 [main] INFO  api.test.UserTests - ************************start adding user**********************
20:42:24.719 [main] INFO  api.test.UserTests - ************************ adding user completed**********************
20:42:24.749 [main] INFO  api.test.UserTests - ************************start getting user**********************
20:42:26.207 [main] INFO  api.test.UserTests - ************************getting user completed **********************
20:42:26.210 [main] INFO  api.test.UserTests - ************************start updating user**********************
20:42:28.953 [main] INFO  api.test.UserTests - ************************upating user completed **********************
20:42:28.956 [main] INFO  api.test.UserTests - ************************start deleteing user**********************
20:42:30.386 [main] INFO  api.test.UserTests - ************************ deleteing user completed **********************
20:42:30.487 [main] INFO  api.test.UserTests1 - ************************start adding user**********************
20:42:31.922 [main] INFO  api.test.UserTests1 - ************************ adding user completed**********************
20:42:31.925 [main] INFO  api.test.UserTests1 - ************************start getting user**********************
20:42:33.117 [main] INFO  api.test.UserTests1 - ************************getting user completed **********************
20:42:33.119 [main] INFO  api.test.UserTests1 - ************************start updating user**********************
20:42:35.561 [main] INFO  api.test.UserTests1 - ************************upating user completed **********************
20:42:35.563 [main] INFO  api.test.UserTests1 - ************************start deleteing user**********************
20:42:36.584 [main] INFO  api.test.UserTests1 - ************************ deleteing user completed **********************
21:18:26.413 [main] INFO  api.test.UserTests - ************************start adding user**********************
21:18:30.686 [main] INFO  api.test.UserTests - ************************ adding user completed**********************
21:18:30.714 [main] INFO  api.test.UserTests - ************************start getting user**********************
21:18:32.266 [main] INFO  api.test.UserTests - ************************getting user completed **********************
21:18:32.275 [main] INFO  api.test.UserTests - ************************start updating user**********************
21:18:35.033 [main] INFO  api.test.UserTests - ************************upating user completed **********************
21:18:35.039 [main] INFO  api.test.UserTests - ************************start deleteing user**********************
21:18:36.303 [main] INFO  api.test.UserTests - ************************ deleteing user completed **********************
21:18:36.424 [main] INFO  api.test.UserTests1 - ************************start adding user**********************
21:18:37.790 [main] INFO  api.test.UserTests1 - ************************ adding user completed**********************
21:18:37.795 [main] INFO  api.test.UserTests1 - ************************start getting user**********************
21:18:39.133 [main] INFO  api.test.UserTests1 - ************************getting user completed **********************
21:18:39.143 [main] INFO  api.test.UserTests1 - ************************start updating user**********************
21:18:42.191 [main] INFO  api.test.UserTests1 - ************************upating user completed **********************
21:18:42.198 [main] INFO  api.test.UserTests1 - ************************start deleteing user**********************
21:18:43.479 [main] INFO  api.test.UserTests1 - ************************ deleteing user completed **********************
01:06:05.040 [main] INFO  api.test.UserTests - ************************start adding user**********************
01:06:09.352 [main] INFO  api.test.UserTests - ************************ adding user completed**********************
01:06:09.378 [main] INFO  api.test.UserTests - ************************start getting user**********************
01:06:10.644 [main] INFO  api.test.UserTests - ************************getting user completed **********************
01:06:10.652 [main] INFO  api.test.UserTests - ************************start updating user**********************
01:06:12.929 [main] INFO  api.test.UserTests - ************************upating user completed **********************
01:06:12.935 [main] INFO  api.test.UserTests - ************************start deleteing user**********************
01:06:14.084 [main] INFO  api.test.UserTests - ************************ deleteing user completed **********************
01:06:14.270 [main] INFO  api.test.UserTests1 - ************************start adding user**********************
01:06:15.491 [main] INFO  api.test.UserTests1 - ************************ adding user completed**********************
01:06:15.495 [main] INFO  api.test.UserTests1 - ************************start getting user**********************
01:06:16.634 [main] INFO  api.test.UserTests1 - ************************getting user completed **********************
01:06:16.639 [main] INFO  api.test.UserTests1 - ************************start updating user**********************
01:06:18.997 [main] INFO  api.test.UserTests1 - ************************upating user completed **********************
01:06:19.003 [main] INFO  api.test.UserTests1 - ************************start deleteing user**********************
01:06:20.057 [main] INFO  api.test.UserTests1 - ************************ deleteing user completed **********************
